<?xml version="1.0" encoding="UTF-8"?>
<testng-results ignored="0" total="1" passed="1" failed="0" skipped="0">
  <reporter-output>
    <line>
      <![CDATA[Execution Started]]>
    </line>
    <line>
      <![CDATA[Chrome Browser Launched]]>
    </line>
    <line>
      <![CDATA[Performing Login]]>
    </line>
    <line>
      <![CDATA[Clicking on Account Setting]]>
    </line>
    <line>
      <![CDATA[Clicking on Log out]]>
    </line>
    <line>
      <![CDATA[Clicking on Login from Homepage]]>
    </line>
    <line>
      <![CDATA[Clicking on Create Account]]>
    </line>
    <line>
      <![CDATA[Clicking on Password field]]>
    </line>
    <line>
      <![CDATA[Entering the Password]]>
    </line>
    <line>
      <![CDATA[Verify that there is no validation error for Password field]]>
    </line>
    <line>
      <![CDATA[User is able to enter valid password || PASS]]>
    </line>
    <line>
      <![CDATA[Performing Logout]]>
    </line>
    <line>
      <![CDATA[Closing Browser]]>
    </line>
    <line>
      <![CDATA[Execution Ended]]>
    </line>
  </reporter-output>
  <suite started-at="2024-06-09T19:10:19 IST" name="Default suite" finished-at="2024-06-09T19:10:46 IST" duration-ms="27340">
    <groups>
    </groups>
    <test started-at="2024-06-09T19:10:19 IST" name="Default test" finished-at="2024-06-09T19:10:46 IST" duration-ms="27340">
      <class name="testscripts.registration.SSID_Regi_027">
        <test-method is-config="true" signature="extentReportSetUp()[pri:0, instance:testscripts.registration.SSID_Regi_027@131774fe]" started-at="2024-06-09T19:10:18 IST" name="extentReportSetUp" finished-at="2024-06-09T19:10:19 IST" duration-ms="596" status="PASS">
          <reporter-output>
            <line>
              <![CDATA[Execution Started]]>
            </line>
          </reporter-output>
        </test-method> <!-- extentReportSetUp -->
        <test-method is-config="true" signature="launchingBrowser(java.lang.String)[pri:0, instance:testscripts.registration.SSID_Regi_027@131774fe]" started-at="2024-06-09T19:10:19 IST" name="launchingBrowser" finished-at="2024-06-09T19:10:28 IST" duration-ms="9150" status="PASS">
          <params>
            <param index="0">
              <value>
                <![CDATA[Chrome]]>
              </value>
            </param>
          </params>
          <reporter-output>
            <line>
              <![CDATA[Chrome Browser Launched]]>
            </line>
          </reporter-output>
        </test-method> <!-- launchingBrowser -->
        <test-method is-config="true" signature="performingLogin(java.lang.reflect.Method)[pri:0, instance:testscripts.registration.SSID_Regi_027@131774fe]" started-at="2024-06-09T19:10:28 IST" name="performingLogin" finished-at="2024-06-09T19:10:38 IST" duration-ms="9960" status="PASS">
          <params>
            <param index="0">
              <value>
                <![CDATA[public void testscripts.registration.SSID_Regi_027.Verify_That_User_Is_Able_To_Enter_Valid_Password() throws java.io.IOException,java.lang.InterruptedException]]>
              </value>
            </param>
          </params>
          <reporter-output>
            <line>
              <![CDATA[Performing Login]]>
            </line>
          </reporter-output>
        </test-method> <!-- performingLogin -->
        <test-method signature="Verify_That_User_Is_Able_To_Enter_Valid_Password()[pri:0, instance:testscripts.registration.SSID_Regi_027@131774fe]" started-at="2024-06-09T19:10:38 IST" name="Verify_That_User_Is_Able_To_Enter_Valid_Password" finished-at="2024-06-09T19:10:43 IST" duration-ms="5482" status="PASS">
          <reporter-output>
            <line>
              <![CDATA[Clicking on Account Setting]]>
            </line>
            <line>
              <![CDATA[Clicking on Log out]]>
            </line>
            <line>
              <![CDATA[Clicking on Login from Homepage]]>
            </line>
            <line>
              <![CDATA[Clicking on Create Account]]>
            </line>
            <line>
              <![CDATA[Clicking on Password field]]>
            </line>
            <line>
              <![CDATA[Entering the Password]]>
            </line>
            <line>
              <![CDATA[Verify that there is no validation error for Password field]]>
            </line>
            <line>
              <![CDATA[User is able to enter valid password || PASS]]>
            </line>
          </reporter-output>
        </test-method> <!-- Verify_That_User_Is_Able_To_Enter_Valid_Password -->
        <test-method is-config="true" signature="performingLogout()[pri:0, instance:testscripts.registration.SSID_Regi_027@131774fe]" started-at="2024-06-09T19:10:43 IST" name="performingLogout" finished-at="2024-06-09T19:10:45 IST" duration-ms="1985" status="PASS">
          <reporter-output>
            <line>
              <![CDATA[Performing Logout]]>
            </line>
          </reporter-output>
        </test-method> <!-- performingLogout -->
        <test-method is-config="true" signature="closingBrowser()[pri:0, instance:testscripts.registration.SSID_Regi_027@131774fe]" started-at="2024-06-09T19:10:45 IST" name="closingBrowser" finished-at="2024-06-09T19:10:46 IST" duration-ms="715" status="PASS">
          <reporter-output>
            <line>
              <![CDATA[Closing Browser]]>
            </line>
          </reporter-output>
        </test-method> <!-- closingBrowser -->
        <test-method is-config="true" signature="extentReportFlush()[pri:0, instance:testscripts.registration.SSID_Regi_027@131774fe]" started-at="2024-06-09T19:10:46 IST" name="extentReportFlush" finished-at="2024-06-09T19:10:47 IST" duration-ms="554" status="PASS">
          <reporter-output>
            <line>
              <![CDATA[Execution Ended]]>
            </line>
          </reporter-output>
        </test-method> <!-- extentReportFlush -->
      </class> <!-- testscripts.registration.SSID_Regi_027 -->
    </test> <!-- Default test -->
  </suite> <!-- Default suite -->
</testng-results>
